<?xml version="1.0" encoding="utf-8"?><testsuites name="pytest tests"><testsuite name="pytest" errors="0" failures="0" skipped="0" tests="8" time="1.626" timestamp="2026-07-03T14:40:10.306752+00:00" hostname="agent-env-734e8bb4-4266-40d9-809c-5f730af04693"><testcase classname="tests.test_backend.TestHistoryAuth" name="test_wrong_password_returns_401" time="0.574" /><testcase classname="tests.test_backend.TestLeadGetUpdate" name="test_get_single_lead_requires_auth" time="0.540" /><testcase classname="tests.test_backend.TestHistoryAuth" name="test_correct_password_returns_token" time="0.076" /><testcase classname="tests.test_backend.TestLeadGetUpdate" name="test_get_single_lead_ok" time="0.170" /><testcase classname="tests.test_backend.TestLeadGetUpdate" name="test_get_single_lead_not_found" time="0.034" /><testcase classname="tests.test_backend.TestLeadGetUpdate" name="test_put_lead_requires_auth" time="0.114" /><testcase classname="tests.test_backend.TestLeadGetUpdate" name="test_put_lead_updates_and_preserves_id_created_at" time="0.137" /><testcase classname="tests.test_backend.TestLeadGetUpdate" name="test_put_lead_not_found" time="0.044" /></testsuite></testsuites>