<?xml version="1.0" encoding="utf-8"?><testsuites name="pytest tests"><testsuite name="pytest" errors="0" failures="0" skipped="0" tests="13" time="8.698" timestamp="2026-07-03T14:08:49.524556+00:00" hostname="agent-env-734e8bb4-4266-40d9-809c-5f730af04693"><testcase classname="tests.test_backend.TestExport" name="test_export_requires_auth" time="0.629" /><testcase classname="tests.test_backend.TestLeadsCRUD" name="test_create_lead_returns_id_and_persists" time="0.967" /><testcase classname="tests.test_backend.TestExport" name="test_export_returns_csv_semicolon_no_photo_col" time="0.073" /><testcase classname="tests.test_backend.TestExport" name="test_export_respects_filter" time="0.076" /><testcase classname="tests.test_backend.TestHistoryAuth" name="test_wrong_password_returns_401" time="0.046" /><testcase classname="tests.test_backend.TestHistoryAuth" name="test_correct_password_returns_token" time="0.252" /><testcase classname="tests.test_backend.TestLeadsCRUD" name="test_list_leads_requires_auth" time="0.290" /><testcase classname="tests.test_backend.TestOCR" name="test_ocr_extracts_business_card_fields" time="3.092" /><testcase classname="tests.test_backend.TestLeadsCRUD" name="test_list_leads_bad_token" time="0.080" /><testcase classname="tests.test_backend.TestLeadsCRUD" name="test_filter_by_priorita" time="0.124" /><testcase classname="tests.test_backend.TestLeadsCRUD" name="test_filter_by_fiera_regex" time="0.066" /><testcase classname="tests.test_backend.TestLeadsCRUD" name="test_filter_by_ragione_sociale_regex" time="0.268" /><testcase classname="tests.test_backend.TestOCR" name="test_ocr_with_data_url_prefix" time="3.933" /></testsuite></testsuites>