<?xml version="1.0" encoding="utf-8"?><testsuites name="pytest tests"><testsuite name="pytest" errors="0" failures="0" skipped="0" tests="24" time="7.440" timestamp="2026-07-03T14:48:03.428485+00:00" hostname="agent-env-734e8bb4-4266-40d9-809c-5f730af04693"><testcase classname="tests.test_backend.TestLeadGetUpdate" name="test_get_single_lead_requires_auth" time="0.200" /><testcase classname="tests.test_backend.TestLeadsCRUD" name="test_create_lead_returns_id_and_persists" time="0.271" /><testcase classname="tests.test_backend.TestLeadGetUpdate" name="test_get_single_lead_ok" time="0.146" /><testcase classname="tests.test_backend.TestLeadsCRUD" name="test_list_leads_requires_auth" time="0.072" /><testcase classname="tests.test_backend.TestLeadsCRUD" name="test_list_leads_bad_token" time="0.075" /><testcase classname="tests.test_backend.TestLeadGetUpdate" name="test_get_single_lead_not_found" time="0.081" /><testcase classname="tests.test_backend.TestLeadsCRUD" name="test_filter_by_priorita" time="0.090" /><testcase classname="tests.test_backend.TestLeadGetUpdate" name="test_put_lead_requires_auth" time="0.153" /><testcase classname="tests.test_backend.TestLeadsCRUD" name="test_filter_by_fiera_regex" time="0.051" /><testcase classname="tests.test_backend.TestLeadsCRUD" name="test_filter_by_ragione_sociale_regex" time="0.166" /><testcase classname="tests.test_backend.TestLeadGetUpdate" name="test_put_lead_updates_and_preserves_id_created_at" time="0.146" /><testcase classname="tests.test_backend.TestLeadDelete" name="test_delete_lead_requires_auth" time="0.074" /><testcase classname="tests.test_backend.TestLeadGetUpdate" name="test_put_lead_not_found" time="0.096" /><testcase classname="tests.test_backend.TestLeadDelete" name="test_delete_lead_bad_token" time="0.116" /><testcase classname="tests.test_backend.TestExport" name="test_export_requires_auth" time="0.043" /><testcase classname="tests.test_backend.TestExport" name="test_export_returns_csv_semicolon_no_photo_col" time="0.040" /><testcase classname="tests.test_backend.TestExport" name="test_export_respects_filter" time="0.032" /><testcase classname="tests.test_backend.TestLeadDelete" name="test_delete_lead_ok_and_persisted" time="0.270" /><testcase classname="tests.test_backend.TestHistoryAuth" name="test_wrong_password_returns_401" time="0.095" /><testcase classname="tests.test_backend.TestHistoryAuth" name="test_correct_password_returns_token" time="0.084" /><testcase classname="tests.test_backend.TestOCR" name="test_ocr_extracts_business_card_fields" time="3.076" /><testcase classname="tests.test_backend.TestLeadDelete" name="test_delete_lead_not_found" time="0.099" /><testcase classname="tests.test_backend.TestLeadDelete" name="test_delete_lead_idempotent_second_call_404" time="0.134" /><testcase classname="tests.test_backend.TestOCR" name="test_ocr_with_data_url_prefix" time="2.687" /></testsuite></testsuites>