<?xml version="1.0" encoding="utf-8"?><testsuites name="pytest tests"><testsuite name="pytest" errors="0" failures="0" skipped="0" tests="5" time="1.667" timestamp="2026-07-03T14:47:52.714170+00:00" hostname="agent-env-734e8bb4-4266-40d9-809c-5f730af04693"><testcase classname="tests.test_backend.TestLeadDelete" name="test_delete_lead_requires_auth" time="0.356" /><testcase classname="tests.test_backend.TestLeadDelete" name="test_delete_lead_bad_token" time="0.334" /><testcase classname="tests.test_backend.TestLeadDelete" name="test_delete_lead_ok_and_persisted" time="0.241" /><testcase classname="tests.test_backend.TestLeadDelete" name="test_delete_lead_not_found" time="0.043" /><testcase classname="tests.test_backend.TestLeadDelete" name="test_delete_lead_idempotent_second_call_404" time="0.119" /></testsuite></testsuites>